<?xml version="1.0" encoding="UTF-8"?>
<!-- Generated by org.testng.reporters.JUnitReportReporter -->
<testsuite hostname="OWNMUM-49272" failures="0" tests="1" name="Project.EntToEndTest" time="6.875" errors="0" timestamp="11 Dec 2022 13:29:06 GMT" skipped="0">
  <testcase classname="Project.EntToEndTest" name="Test" time="6.875"/>
</testsuite> <!-- Project.EntToEndTest -->
