<?xml version="1.0" encoding="UTF-8"?>
<!-- Generated by org.testng.reporters.JUnitReportReporter -->
<testsuite hostname="OWNMUM-49272" failures="0" tests="1" name="Project.EntToEndTest" time="8.943" errors="0" timestamp="11 Dec 2022 15:36:55 GMT" skipped="0">
  <testcase classname="Project.EntToEndTest" name="Test" time="8.943"/>
</testsuite> <!-- Project.EntToEndTest -->
