<?xml version="1.0" encoding="UTF-8"?>
<!-- Generated by org.testng.reporters.JUnitReportReporter -->
<testsuite skipped="0" hostname="OWNMUM-49272" name="Project.EntToEndTest" tests="1" failures="0" timestamp="11 Dec 2022 13:10:51 GMT" time="23.472" errors="0">
  <testcase name="Test" time="23.472" classname="Project.EntToEndTest"/>
</testsuite> <!-- Project.EntToEndTest -->
