<?xml version="1.0" encoding="UTF-8"?>
<!-- Generated by org.testng.reporters.JUnitReportReporter -->
<testsuite skipped="0" hostname="OWNMUM-49272" name="Project.EntToEndTest" tests="1" failures="0" timestamp="11 Dec 2022 15:53:30 GMT" time="30.269" errors="0">
  <testcase name="Test" time="30.269" classname="Project.EntToEndTest"/>
</testsuite> <!-- Project.EntToEndTest -->
